<?xml version="1.0" encoding="UTF-8"?>
<!-- Generated by org.testng.reporters.JUnitXMLReporter -->
<testsuite ignored="0" hostname="DESKTOP-I13K05V" failures="0" tests="3" name="Flight search tests" time="72.364" errors="0" timestamp="2024-04-24T08:28:05 PDT">
  <testcase classname="QA.Testing.FlightSearch" name="FirstDesinationWithOnePassAndEcoClass" time="15.116"/>
  <testcase classname="QA.Testing.FlightSearch" name="SecondDesinationWithTwoPassAndPreEcoClass" time="15.984"/>
  <testcase classname="QA.Testing.FlightSearch" name="ThirdDesinationWithTwoPassAndPreEcoClass" time="15.798"/>
</testsuite> <!-- Flight search tests -->
