<?xml version="1.0" encoding="UTF-8"?>
<!-- Generated by org.testng.reporters.JUnitXMLReporter -->
<testsuite ignored="0" hostname="DESKTOP-I13K05V" failures="0" tests="3" name="FligtSearchTesting" time="91.669" errors="0" timestamp="2024-04-25T05:50:17 PDT">
  <testcase classname="QA.Testing.SearchFlightForDelhiToDubai" name="ThirdDesinationWithTwoPassAndPreEcoClass" time="25.227"/>
  <testcase classname="QA.Testing.SearchFlightForDelhiToAbuDhabi" name="SecondDesinationWithTwoPassAndPreEcoClass" time="15.92"/>
  <testcase classname="QA.Testing.SearchFlightForBombayToDubai" name="FirstDesinationWithOnePassAndEcoClass" time="22.928"/>
</testsuite> <!-- FligtSearchTesting -->
